<?xml version="1.0" encoding="UTF-8"?>
<testsuite name="User Register" tests="1" skipped="0" failures="0" errors="0" timestamp="2022-03-11T16:10:22" hostname="DESKTOP-LSU0QTL" time="36.365">
  <properties/>
  <testcase name="Register in the website" classname="User Register" time="36.365"/>
  <system-out><![CDATA[]]></system-out>
  <system-err><![CDATA[[Test worker] WARN net.thucydides.core.steps.BaseStepListener - stepStarted: net.thucydides.core.steps.ExecutedStepDescription@6461b17
[Test worker] WARN net.thucydides.core.steps.BaseStepListener - stepStarted: net.thucydides.core.steps.ExecutedStepDescription@9628257
[Test worker] WARN net.thucydides.core.steps.BaseStepListener - stepStarted: net.thucydides.core.steps.ExecutedStepDescription@61f992b9
mar 11, 2022 11:10:23 AM org.openqa.selenium.remote.DesiredCapabilities chrome
INFORMACIÓN: Using `new ChromeOptions()` is preferred to `DesiredCapabilities.chrome()`
[Test worker] INFO net.serenitybdd.core.webdriver.driverproviders.ProvideNewDriver - Instantiating driver
[Test worker] INFO net.serenitybdd.core.webdriver.driverproviders.ProvideNewDriver - Driver capabilities: Capabilities {acceptInsecureCerts: false, browserName: chrome, chrome.switches: --start-maximized, goog:chromeOptions: {args: [--start-maximized], extensions: []}, loggingPrefs: org.openqa.selenium.logging..., platform: ANY, version: }
Starting ChromeDriver 99.0.4844.51 (d537ec02474b5afe23684e7963d538896c63ac77-refs/branch-heads/4844@{#875}) on port 33569
Only local connections are allowed.
Please see https://chromedriver.chromium.org/security-considerations for suggestions on keeping ChromeDriver safe.
ChromeDriver was started successfully.
mar 11, 2022 11:10:25 AM org.openqa.selenium.remote.ProtocolHandshake createSession
INFORMACIÓN: Detected dialect: W3C
[Test worker] WARN net.thucydides.core.steps.BaseStepListener - stepFinished: current outcome:Register in the website:Given than Miguel wants to register in Utest.com
| strFirstname | strLastname | strEmail | strMonth | strDay | strYear | strLanguage | strCity | strZipcode | strComputer | strVersion | strOSLanguage | strMobile | strModel | strSystem | strPassword | strConfirmPass |
| Pruebaops | Pruebas | Pruebas8546655@gmail.com | November | 18 | 1998 | Spanish | Cali Valle de Cauca, Colombia | 760004 | Windows | 10 | Spanish | Apple | IPhone | iOS 2.0 | Prueba100* | Prueba100* | [Miguel open up [Miguel opens the Utest page]]
[Test worker] WARN net.thucydides.core.steps.BaseStepListener - stepFinished: current outcome:Register in the website:Given than Miguel wants to register in Utest.com
| strFirstname | strLastname | strEmail | strMonth | strDay | strYear | strLanguage | strCity | strZipcode | strComputer | strVersion | strOSLanguage | strMobile | strModel | strSystem | strPassword | strConfirmPass |
| Pruebaops | Pruebas | Pruebas8546655@gmail.com | November | 18 | 1998 | Spanish | Cali Valle de Cauca, Colombia | 760004 | Windows | 10 | Spanish | Apple | IPhone | iOS 2.0 | Prueba100* | Prueba100* | [Miguel open up [Miguel opens the Utest page]]
[Test worker] WARN net.thucydides.core.steps.BaseStepListener - stepStarted: net.thucydides.core.steps.ExecutedStepDescription@7f6e997a
[Test worker] WARN net.thucydides.core.steps.BaseStepListener - stepStarted: net.thucydides.core.steps.ExecutedStepDescription@493f0291
[Test worker] WARN net.thucydides.core.steps.BaseStepListener - stepFinished: current outcome:Register in the website:Given than Miguel wants to register in Utest.com
| strFirstname | strLastname | strEmail | strMonth | strDay | strYear | strLanguage | strCity | strZipcode | strComputer | strVersion | strOSLanguage | strMobile | strModel | strSystem | strPassword | strConfirmPass |
| Pruebaops | Pruebas | Pruebas8546655@gmail.com | November | 18 | 1998 | Spanish | Cali Valle de Cauca, Colombia | 760004 | Windows | 10 | Spanish | Apple | IPhone | iOS 2.0 | Prueba100* | Prueba100* | [Miguel open up [Miguel opens the Utest page], Miguel register [Miguel clicks on button that shows us the form to register]]
[Test worker] WARN net.thucydides.core.steps.BaseStepListener - stepStarted: net.thucydides.core.steps.ExecutedStepDescription@2d441fe8
[Test worker] WARN net.thucydides.core.steps.BaseStepListener - stepFinished: current outcome:Register in the website:Given than Miguel wants to register in Utest.com
| strFirstname | strLastname | strEmail | strMonth | strDay | strYear | strLanguage | strCity | strZipcode | strComputer | strVersion | strOSLanguage | strMobile | strModel | strSystem | strPassword | strConfirmPass |
| Pruebaops | Pruebas | Pruebas8546655@gmail.com | November | 18 | 1998 | Spanish | Cali Valle de Cauca, Colombia | 760004 | Windows | 10 | Spanish | Apple | IPhone | iOS 2.0 | Prueba100* | Prueba100* | [Miguel open up [Miguel opens the Utest page], Miguel register [Miguel clicks on button that shows us the form to register, Miguel enters 'Pruebaops' into where do write the firstname]]
[Test worker] WARN net.thucydides.core.steps.BaseStepListener - stepStarted: net.thucydides.core.steps.ExecutedStepDescription@315ead17
[Test worker] WARN net.thucydides.core.steps.BaseStepListener - stepFinished: current outcome:Register in the website:Given than Miguel wants to register in Utest.com
| strFirstname | strLastname | strEmail | strMonth | strDay | strYear | strLanguage | strCity | strZipcode | strComputer | strVersion | strOSLanguage | strMobile | strModel | strSystem | strPassword | strConfirmPass |
| Pruebaops | Pruebas | Pruebas8546655@gmail.com | November | 18 | 1998 | Spanish | Cali Valle de Cauca, Colombia | 760004 | Windows | 10 | Spanish | Apple | IPhone | iOS 2.0 | Prueba100* | Prueba100* | [Miguel open up [Miguel opens the Utest page], Miguel register [Miguel clicks on button that shows us the form to register, Miguel enters 'Pruebaops' into where do write the firstname, Miguel enters 'Pruebas' into where do write the lastname]]
[Test worker] WARN net.thucydides.core.steps.BaseStepListener - stepStarted: net.thucydides.core.steps.ExecutedStepDescription@31776749
[Test worker] WARN net.thucydides.core.steps.BaseStepListener - stepFinished: current outcome:Register in the website:Given than Miguel wants to register in Utest.com
| strFirstname | strLastname | strEmail | strMonth | strDay | strYear | strLanguage | strCity | strZipcode | strComputer | strVersion | strOSLanguage | strMobile | strModel | strSystem | strPassword | strConfirmPass |
| Pruebaops | Pruebas | Pruebas8546655@gmail.com | November | 18 | 1998 | Spanish | Cali Valle de Cauca, Colombia | 760004 | Windows | 10 | Spanish | Apple | IPhone | iOS 2.0 | Prueba100* | Prueba100* | [Miguel open up [Miguel opens the Utest page], Miguel register [Miguel clicks on button that shows us the form to register, Miguel enters 'Pruebaops' into where do write the firstname, Miguel enters 'Pruebas' into where do write the lastname, Miguel enters 'Pruebas8546655@gmail.com' into where do write the email]]
[Test worker] WARN net.thucydides.core.steps.BaseStepListener - stepStarted: net.thucydides.core.steps.ExecutedStepDescription@7d203895
[Test worker] WARN net.thucydides.core.steps.BaseStepListener - stepFinished: current outcome:Register in the website:Given than Miguel wants to register in Utest.com
| strFirstname | strLastname | strEmail | strMonth | strDay | strYear | strLanguage | strCity | strZipcode | strComputer | strVersion | strOSLanguage | strMobile | strModel | strSystem | strPassword | strConfirmPass |
| Pruebaops | Pruebas | Pruebas8546655@gmail.com | November | 18 | 1998 | Spanish | Cali Valle de Cauca, Colombia | 760004 | Windows | 10 | Spanish | Apple | IPhone | iOS 2.0 | Prueba100* | Prueba100* | [Miguel open up [Miguel opens the Utest page], Miguel register [Miguel clicks on button that shows us the form to register, Miguel enters 'Pruebaops' into where do write the firstname, Miguel enters 'Pruebas' into where do write the lastname, Miguel enters 'Pruebas8546655@gmail.com' into where do write the email, Miguel select November on where do select the month]]
[Test worker] WARN net.thucydides.core.steps.BaseStepListener - stepStarted: net.thucydides.core.steps.ExecutedStepDescription@4cb99dde
[Test worker] WARN net.thucydides.core.steps.BaseStepListener - stepFinished: current outcome:Register in the website:Given than Miguel wants to register in Utest.com
| strFirstname | strLastname | strEmail | strMonth | strDay | strYear | strLanguage | strCity | strZipcode | strComputer | strVersion | strOSLanguage | strMobile | strModel | strSystem | strPassword | strConfirmPass |
| Pruebaops | Pruebas | Pruebas8546655@gmail.com | November | 18 | 1998 | Spanish | Cali Valle de Cauca, Colombia | 760004 | Windows | 10 | Spanish | Apple | IPhone | iOS 2.0 | Prueba100* | Prueba100* | [Miguel open up [Miguel opens the Utest page], Miguel register [Miguel clicks on button that shows us the form to register, Miguel enters 'Pruebaops' into where do write the firstname, Miguel enters 'Pruebas' into where do write the lastname, Miguel enters 'Pruebas8546655@gmail.com' into where do write the email, Miguel select November on where do select the month, Miguel select 18 on where do select the day]]
[Test worker] WARN net.thucydides.core.steps.BaseStepListener - stepStarted: net.thucydides.core.steps.ExecutedStepDescription@73e393ad
[Test worker] WARN net.thucydides.core.steps.BaseStepListener - stepFinished: current outcome:Register in the website:Given than Miguel wants to register in Utest.com
| strFirstname | strLastname | strEmail | strMonth | strDay | strYear | strLanguage | strCity | strZipcode | strComputer | strVersion | strOSLanguage | strMobile | strModel | strSystem | strPassword | strConfirmPass |
| Pruebaops | Pruebas | Pruebas8546655@gmail.com | November | 18 | 1998 | Spanish | Cali Valle de Cauca, Colombia | 760004 | Windows | 10 | Spanish | Apple | IPhone | iOS 2.0 | Prueba100* | Prueba100* | [Miguel open up [Miguel opens the Utest page], Miguel register [Miguel clicks on button that shows us the form to register, Miguel enters 'Pruebaops' into where do write the firstname, Miguel enters 'Pruebas' into where do write the lastname, Miguel enters 'Pruebas8546655@gmail.com' into where do write the email, Miguel select November on where do select the month, Miguel select 18 on where do select the day, Miguel select 1998 on where do select the year]]
[Test worker] WARN net.thucydides.core.steps.BaseStepListener - stepStarted: net.thucydides.core.steps.ExecutedStepDescription@2303c09
[Test worker] WARN net.thucydides.core.steps.BaseStepListener - stepFinished: current outcome:Register in the website:Given than Miguel wants to register in Utest.com
| strFirstname | strLastname | strEmail | strMonth | strDay | strYear | strLanguage | strCity | strZipcode | strComputer | strVersion | strOSLanguage | strMobile | strModel | strSystem | strPassword | strConfirmPass |
| Pruebaops | Pruebas | Pruebas8546655@gmail.com | November | 18 | 1998 | Spanish | Cali Valle de Cauca, Colombia | 760004 | Windows | 10 | Spanish | Apple | IPhone | iOS 2.0 | Prueba100* | Prueba100* | [Miguel open up [Miguel opens the Utest page], Miguel register [Miguel clicks on button that shows us the form to register, Miguel enters 'Pruebaops' into where do write the firstname, Miguel enters 'Pruebas' into where do write the lastname, Miguel enters 'Pruebas8546655@gmail.com' into where do write the email, Miguel select November on where do select the month, Miguel select 18 on where do select the day, Miguel select 1998 on where do select the year, Miguel enters 'Spanish' into where do write the language]]
[Test worker] WARN net.thucydides.core.steps.BaseStepListener - stepStarted: net.thucydides.core.steps.ExecutedStepDescription@359a9cc4
[Test worker] WARN net.thucydides.core.steps.BaseStepListener - stepFinished: current outcome:Register in the website:Given than Miguel wants to register in Utest.com
| strFirstname | strLastname | strEmail | strMonth | strDay | strYear | strLanguage | strCity | strZipcode | strComputer | strVersion | strOSLanguage | strMobile | strModel | strSystem | strPassword | strConfirmPass |
| Pruebaops | Pruebas | Pruebas8546655@gmail.com | November | 18 | 1998 | Spanish | Cali Valle de Cauca, Colombia | 760004 | Windows | 10 | Spanish | Apple | IPhone | iOS 2.0 | Prueba100* | Prueba100* | [Miguel open up [Miguel opens the Utest page], Miguel register [Miguel clicks on button that shows us the form to register, Miguel enters 'Pruebaops' into where do write the firstname, Miguel enters 'Pruebas' into where do write the lastname, Miguel enters 'Pruebas8546655@gmail.com' into where do write the email, Miguel select November on where do select the month, Miguel select 18 on where do select the day, Miguel select 1998 on where do select the year, Miguel enters 'Spanish' into where do write the language, Miguel clicks on button that shows us the location form to register]]
[Test worker] WARN net.thucydides.core.steps.BaseStepListener - stepStarted: net.thucydides.core.steps.ExecutedStepDescription@5396daca
[Test worker] WARN net.thucydides.core.steps.BaseStepListener - stepFinished: current outcome:Register in the website:Given than Miguel wants to register in Utest.com
| strFirstname | strLastname | strEmail | strMonth | strDay | strYear | strLanguage | strCity | strZipcode | strComputer | strVersion | strOSLanguage | strMobile | strModel | strSystem | strPassword | strConfirmPass |
| Pruebaops | Pruebas | Pruebas8546655@gmail.com | November | 18 | 1998 | Spanish | Cali Valle de Cauca, Colombia | 760004 | Windows | 10 | Spanish | Apple | IPhone | iOS 2.0 | Prueba100* | Prueba100* | [Miguel open up [Miguel opens the Utest page], Miguel register [Miguel clicks on button that shows us the form to register, Miguel enters 'Pruebaops' into where do write the firstname, Miguel enters 'Pruebas' into where do write the lastname, Miguel enters 'Pruebas8546655@gmail.com' into where do write the email, Miguel select November on where do select the month, Miguel select 18 on where do select the day, Miguel select 1998 on where do select the year, Miguel enters 'Spanish' into where do write the language, Miguel clicks on button that shows us the location form to register, Miguel enters 'Cali Valle de Cauca, Colombia' into where do write the city]]
[Test worker] WARN net.thucydides.core.steps.BaseStepListener - stepStarted: net.thucydides.core.steps.ExecutedStepDescription@3fb4f579
[Test worker] WARN net.thucydides.core.steps.BaseStepListener - stepFinished: current outcome:Register in the website:Given than Miguel wants to register in Utest.com
| strFirstname | strLastname | strEmail | strMonth | strDay | strYear | strLanguage | strCity | strZipcode | strComputer | strVersion | strOSLanguage | strMobile | strModel | strSystem | strPassword | strConfirmPass |
| Pruebaops | Pruebas | Pruebas8546655@gmail.com | November | 18 | 1998 | Spanish | Cali Valle de Cauca, Colombia | 760004 | Windows | 10 | Spanish | Apple | IPhone | iOS 2.0 | Prueba100* | Prueba100* | [Miguel open up [Miguel opens the Utest page], Miguel register [Miguel clicks on button that shows us the form to register, Miguel enters 'Pruebaops' into where do write the firstname, Miguel enters 'Pruebas' into where do write the lastname, Miguel enters 'Pruebas8546655@gmail.com' into where do write the email, Miguel select November on where do select the month, Miguel select 18 on where do select the day, Miguel select 1998 on where do select the year, Miguel enters 'Spanish' into where do write the language, Miguel clicks on button that shows us the location form to register, Miguel enters 'Cali Valle de Cauca, Colombia' into where do write the city, Miguel clicks on where do select the city]]
[Test worker] WARN net.thucydides.core.steps.BaseStepListener - stepStarted: net.thucydides.core.steps.ExecutedStepDescription@52b33dd2
[Test worker] WARN net.thucydides.core.steps.BaseStepListener - stepFinished: current outcome:Register in the website:Given than Miguel wants to register in Utest.com
| strFirstname | strLastname | strEmail | strMonth | strDay | strYear | strLanguage | strCity | strZipcode | strComputer | strVersion | strOSLanguage | strMobile | strModel | strSystem | strPassword | strConfirmPass |
| Pruebaops | Pruebas | Pruebas8546655@gmail.com | November | 18 | 1998 | Spanish | Cali Valle de Cauca, Colombia | 760004 | Windows | 10 | Spanish | Apple | IPhone | iOS 2.0 | Prueba100* | Prueba100* | [Miguel open up [Miguel opens the Utest page], Miguel register [Miguel clicks on button that shows us the form to register, Miguel enters 'Pruebaops' into where do write the firstname, Miguel enters 'Pruebas' into where do write the lastname, Miguel enters 'Pruebas8546655@gmail.com' into where do write the email, Miguel select November on where do select the month, Miguel select 18 on where do select the day, Miguel select 1998 on where do select the year, Miguel enters 'Spanish' into where do write the language, Miguel clicks on button that shows us the location form to register, Miguel enters 'Cali Valle de Cauca, Colombia' into where do write the city, Miguel clicks on where do select the city, Miguel enters '760004' into where do write the zipcode]]
[Test worker] WARN net.thucydides.core.steps.BaseStepListener - stepStarted: net.thucydides.core.steps.ExecutedStepDescription@58e20ae7
[Test worker] WARN net.thucydides.core.steps.BaseStepListener - stepFinished: current outcome:Register in the website:Given than Miguel wants to register in Utest.com
| strFirstname | strLastname | strEmail | strMonth | strDay | strYear | strLanguage | strCity | strZipcode | strComputer | strVersion | strOSLanguage | strMobile | strModel | strSystem | strPassword | strConfirmPass |
| Pruebaops | Pruebas | Pruebas8546655@gmail.com | November | 18 | 1998 | Spanish | Cali Valle de Cauca, Colombia | 760004 | Windows | 10 | Spanish | Apple | IPhone | iOS 2.0 | Prueba100* | Prueba100* | [Miguel open up [Miguel opens the Utest page], Miguel register [Miguel clicks on button that shows us the form to register, Miguel enters 'Pruebaops' into where do write the firstname, Miguel enters 'Pruebas' into where do write the lastname, Miguel enters 'Pruebas8546655@gmail.com' into where do write the email, Miguel select November on where do select the month, Miguel select 18 on where do select the day, Miguel select 1998 on where do select the year, Miguel enters 'Spanish' into where do write the language, Miguel clicks on button that shows us the location form to register, Miguel enters 'Cali Valle de Cauca, Colombia' into where do write the city, Miguel clicks on where do select the city, Miguel enters '760004' into where do write the zipcode, Miguel clicks on button that shows us the devices form to register]]
[Test worker] WARN net.thucydides.core.steps.BaseStepListener - stepStarted: net.thucydides.core.steps.ExecutedStepDescription@41decae3
[Test worker] WARN net.thucydides.core.steps.BaseStepListener - stepFinished: current outcome:Register in the website:Given than Miguel wants to register in Utest.com
| strFirstname | strLastname | strEmail | strMonth | strDay | strYear | strLanguage | strCity | strZipcode | strComputer | strVersion | strOSLanguage | strMobile | strModel | strSystem | strPassword | strConfirmPass |
| Pruebaops | Pruebas | Pruebas8546655@gmail.com | November | 18 | 1998 | Spanish | Cali Valle de Cauca, Colombia | 760004 | Windows | 10 | Spanish | Apple | IPhone | iOS 2.0 | Prueba100* | Prueba100* | [Miguel open up [Miguel opens the Utest page], Miguel register [Miguel clicks on button that shows us the form to register, Miguel enters 'Pruebaops' into where do write the firstname, Miguel enters 'Pruebas' into where do write the lastname, Miguel enters 'Pruebas8546655@gmail.com' into where do write the email, Miguel select November on where do select the month, Miguel select 18 on where do select the day, Miguel select 1998 on where do select the year, Miguel enters 'Spanish' into where do write the language, Miguel clicks on button that shows us the location form to register, Miguel enters 'Cali Valle de Cauca, Colombia' into where do write the city, Miguel clicks on where do select the city, Miguel enters '760004' into where do write the zipcode, Miguel clicks on button that shows us the devices form to register, Miguel clicks on where do select the computer SO]]
[Test worker] WARN net.thucydides.core.steps.BaseStepListener - stepStarted: net.thucydides.core.steps.ExecutedStepDescription@785a1e44
[Test worker] WARN net.thucydides.core.steps.BaseStepListener - stepFinished: current outcome:Register in the website:Given than Miguel wants to register in Utest.com
| strFirstname | strLastname | strEmail | strMonth | strDay | strYear | strLanguage | strCity | strZipcode | strComputer | strVersion | strOSLanguage | strMobile | strModel | strSystem | strPassword | strConfirmPass |
| Pruebaops | Pruebas | Pruebas8546655@gmail.com | November | 18 | 1998 | Spanish | Cali Valle de Cauca, Colombia | 760004 | Windows | 10 | Spanish | Apple | IPhone | iOS 2.0 | Prueba100* | Prueba100* | [Miguel open up [Miguel opens the Utest page], Miguel register [Miguel clicks on button that shows us the form to register, Miguel enters 'Pruebaops' into where do write the firstname, Miguel enters 'Pruebas' into where do write the lastname, Miguel enters 'Pruebas8546655@gmail.com' into where do write the email, Miguel select November on where do select the month, Miguel select 18 on where do select the day, Miguel select 1998 on where do select the year, Miguel enters 'Spanish' into where do write the language, Miguel clicks on button that shows us the location form to register, Miguel enters 'Cali Valle de Cauca, Colombia' into where do write the city, Miguel clicks on where do select the city, Miguel enters '760004' into where do write the zipcode, Miguel clicks on button that shows us the devices form to register, Miguel clicks on where do select the computer SO, Miguel enters 'Windows' then hits [ENTER] into where do select the computer SO]]
[Test worker] WARN net.thucydides.core.steps.BaseStepListener - stepStarted: net.thucydides.core.steps.ExecutedStepDescription@488e9511
[Test worker] WARN net.thucydides.core.steps.BaseStepListener - stepFinished: current outcome:Register in the website:Given than Miguel wants to register in Utest.com
| strFirstname | strLastname | strEmail | strMonth | strDay | strYear | strLanguage | strCity | strZipcode | strComputer | strVersion | strOSLanguage | strMobile | strModel | strSystem | strPassword | strConfirmPass |
| Pruebaops | Pruebas | Pruebas8546655@gmail.com | November | 18 | 1998 | Spanish | Cali Valle de Cauca, Colombia | 760004 | Windows | 10 | Spanish | Apple | IPhone | iOS 2.0 | Prueba100* | Prueba100* | [Miguel open up [Miguel opens the Utest page], Miguel register [Miguel clicks on button that shows us the form to register, Miguel enters 'Pruebaops' into where do write the firstname, Miguel enters 'Pruebas' into where do write the lastname, Miguel enters 'Pruebas8546655@gmail.com' into where do write the email, Miguel select November on where do select the month, Miguel select 18 on where do select the day, Miguel select 1998 on where do select the year, Miguel enters 'Spanish' into where do write the language, Miguel clicks on button that shows us the location form to register, Miguel enters 'Cali Valle de Cauca, Colombia' into where do write the city, Miguel clicks on where do select the city, Miguel enters '760004' into where do write the zipcode, Miguel clicks on button that shows us the devices form to register, Miguel clicks on where do select the computer SO, Miguel enters 'Windows' then hits [ENTER] into where do select the computer SO, Miguel clicks on where do select the version]]
[Test worker] WARN net.thucydides.core.steps.BaseStepListener - stepStarted: net.thucydides.core.steps.ExecutedStepDescription@72bd8f5a
[Test worker] WARN net.thucydides.core.steps.BaseStepListener - stepFinished: current outcome:Register in the website:Given than Miguel wants to register in Utest.com
| strFirstname | strLastname | strEmail | strMonth | strDay | strYear | strLanguage | strCity | strZipcode | strComputer | strVersion | strOSLanguage | strMobile | strModel | strSystem | strPassword | strConfirmPass |
| Pruebaops | Pruebas | Pruebas8546655@gmail.com | November | 18 | 1998 | Spanish | Cali Valle de Cauca, Colombia | 760004 | Windows | 10 | Spanish | Apple | IPhone | iOS 2.0 | Prueba100* | Prueba100* | [Miguel open up [Miguel opens the Utest page], Miguel register [Miguel clicks on button that shows us the form to register, Miguel enters 'Pruebaops' into where do write the firstname, Miguel enters 'Pruebas' into where do write the lastname, Miguel enters 'Pruebas8546655@gmail.com' into where do write the email, Miguel select November on where do select the month, Miguel select 18 on where do select the day, Miguel select 1998 on where do select the year, Miguel enters 'Spanish' into where do write the language, Miguel clicks on button that shows us the location form to register, Miguel enters 'Cali Valle de Cauca, Colombia' into where do write the city, Miguel clicks on where do select the city, Miguel enters '760004' into where do write the zipcode, Miguel clicks on button that shows us the devices form to register, Miguel clicks on where do select the computer SO, Miguel enters 'Windows' then hits [ENTER] into where do select the computer SO, Miguel clicks on where do select the version, Miguel enters '10' then hits [ENTER] into where do select the version]]
[Test worker] WARN net.thucydides.core.steps.BaseStepListener - stepStarted: net.thucydides.core.steps.ExecutedStepDescription@2de8bb2b
[Test worker] WARN net.thucydides.core.steps.BaseStepListener - stepFinished: current outcome:Register in the website:Given than Miguel wants to register in Utest.com
| strFirstname | strLastname | strEmail | strMonth | strDay | strYear | strLanguage | strCity | strZipcode | strComputer | strVersion | strOSLanguage | strMobile | strModel | strSystem | strPassword | strConfirmPass |
| Pruebaops | Pruebas | Pruebas8546655@gmail.com | November | 18 | 1998 | Spanish | Cali Valle de Cauca, Colombia | 760004 | Windows | 10 | Spanish | Apple | IPhone | iOS 2.0 | Prueba100* | Prueba100* | [Miguel open up [Miguel opens the Utest page], Miguel register [Miguel clicks on button that shows us the form to register, Miguel enters 'Pruebaops' into where do write the firstname, Miguel enters 'Pruebas' into where do write the lastname, Miguel enters 'Pruebas8546655@gmail.com' into where do write the email, Miguel select November on where do select the month, Miguel select 18 on where do select the day, Miguel select 1998 on where do select the year, Miguel enters 'Spanish' into where do write the language, Miguel clicks on button that shows us the location form to register, Miguel enters 'Cali Valle de Cauca, Colombia' into where do write the city, Miguel clicks on where do select the city, Miguel enters '760004' into where do write the zipcode, Miguel clicks on button that shows us the devices form to register, Miguel clicks on where do select the computer SO, Miguel enters 'Windows' then hits [ENTER] into where do select the computer SO, Miguel clicks on where do select the version, Miguel enters '10' then hits [ENTER] into where do select the version, Miguel clicks on where do select the language]]
[Test worker] WARN net.thucydides.core.steps.BaseStepListener - stepStarted: net.thucydides.core.steps.ExecutedStepDescription@41b9873e
[Test worker] WARN net.thucydides.core.steps.BaseStepListener - stepFinished: current outcome:Register in the website:Given than Miguel wants to register in Utest.com
| strFirstname | strLastname | strEmail | strMonth | strDay | strYear | strLanguage | strCity | strZipcode | strComputer | strVersion | strOSLanguage | strMobile | strModel | strSystem | strPassword | strConfirmPass |
| Pruebaops | Pruebas | Pruebas8546655@gmail.com | November | 18 | 1998 | Spanish | Cali Valle de Cauca, Colombia | 760004 | Windows | 10 | Spanish | Apple | IPhone | iOS 2.0 | Prueba100* | Prueba100* | [Miguel open up [Miguel opens the Utest page], Miguel register [Miguel clicks on button that shows us the form to register, Miguel enters 'Pruebaops' into where do write the firstname, Miguel enters 'Pruebas' into where do write the lastname, Miguel enters 'Pruebas8546655@gmail.com' into where do write the email, Miguel select November on where do select the month, Miguel select 18 on where do select the day, Miguel select 1998 on where do select the year, Miguel enters 'Spanish' into where do write the language, Miguel clicks on button that shows us the location form to register, Miguel enters 'Cali Valle de Cauca, Colombia' into where do write the city, Miguel clicks on where do select the city, Miguel enters '760004' into where do write the zipcode, Miguel clicks on button that shows us the devices form to register, Miguel clicks on where do select the computer SO, Miguel enters 'Windows' then hits [ENTER] into where do select the computer SO, Miguel clicks on where do select the version, Miguel enters '10' then hits [ENTER] into where do select the version, Miguel clicks on where do select the language, Miguel enters 'Spanish' then hits [ENTER] into where do select the language]]
[Test worker] WARN net.thucydides.core.steps.BaseStepListener - stepStarted: net.thucydides.core.steps.ExecutedStepDescription@49d361fc
[Test worker] WARN net.thucydides.core.steps.BaseStepListener - stepFinished: current outcome:Register in the website:Given than Miguel wants to register in Utest.com
| strFirstname | strLastname | strEmail | strMonth | strDay | strYear | strLanguage | strCity | strZipcode | strComputer | strVersion | strOSLanguage | strMobile | strModel | strSystem | strPassword | strConfirmPass |
| Pruebaops | Pruebas | Pruebas8546655@gmail.com | November | 18 | 1998 | Spanish | Cali Valle de Cauca, Colombia | 760004 | Windows | 10 | Spanish | Apple | IPhone | iOS 2.0 | Prueba100* | Prueba100* | [Miguel open up [Miguel opens the Utest page], Miguel register [Miguel clicks on button that shows us the form to register, Miguel enters 'Pruebaops' into where do write the firstname, Miguel enters 'Pruebas' into where do write the lastname, Miguel enters 'Pruebas8546655@gmail.com' into where do write the email, Miguel select November on where do select the month, Miguel select 18 on where do select the day, Miguel select 1998 on where do select the year, Miguel enters 'Spanish' into where do write the language, Miguel clicks on button that shows us the location form to register, Miguel enters 'Cali Valle de Cauca, Colombia' into where do write the city, Miguel clicks on where do select the city, Miguel enters '760004' into where do write the zipcode, Miguel clicks on button that shows us the devices form to register, Miguel clicks on where do select the computer SO, Miguel enters 'Windows' then hits [ENTER] into where do select the computer SO, Miguel clicks on where do select the version, Miguel enters '10' then hits [ENTER] into where do select the version, Miguel clicks on where do select the language, Miguel enters 'Spanish' then hits [ENTER] into where do select the language, Miguel clicks on where do select the mobile device]]
[Test worker] WARN net.thucydides.core.steps.BaseStepListener - stepStarted: net.thucydides.core.steps.ExecutedStepDescription@1c52a899
[Test worker] WARN net.thucydides.core.steps.BaseStepListener - stepFinished: current outcome:Register in the website:Given than Miguel wants to register in Utest.com
| strFirstname | strLastname | strEmail | strMonth | strDay | strYear | strLanguage | strCity | strZipcode | strComputer | strVersion | strOSLanguage | strMobile | strModel | strSystem | strPassword | strConfirmPass |
| Pruebaops | Pruebas | Pruebas8546655@gmail.com | November | 18 | 1998 | Spanish | Cali Valle de Cauca, Colombia | 760004 | Windows | 10 | Spanish | Apple | IPhone | iOS 2.0 | Prueba100* | Prueba100* | [Miguel open up [Miguel opens the Utest page], Miguel register [Miguel clicks on button that shows us the form to register, Miguel enters 'Pruebaops' into where do write the firstname, Miguel enters 'Pruebas' into where do write the lastname, Miguel enters 'Pruebas8546655@gmail.com' into where do write the email, Miguel select November on where do select the month, Miguel select 18 on where do select the day, Miguel select 1998 on where do select the year, Miguel enters 'Spanish' into where do write the language, Miguel clicks on button that shows us the location form to register, Miguel enters 'Cali Valle de Cauca, Colombia' into where do write the city, Miguel clicks on where do select the city, Miguel enters '760004' into where do write the zipcode, Miguel clicks on button that shows us the devices form to register, Miguel clicks on where do select the computer SO, Miguel enters 'Windows' then hits [ENTER] into where do select the computer SO, Miguel clicks on where do select the version, Miguel enters '10' then hits [ENTER] into where do select the version, Miguel clicks on where do select the language, Miguel enters 'Spanish' then hits [ENTER] into where do select the language, Miguel clicks on where do select the mobile device, Miguel enters 'Apple' then hits [ENTER] into where do select the mobile device]]
[Test worker] WARN net.thucydides.core.steps.BaseStepListener - stepStarted: net.thucydides.core.steps.ExecutedStepDescription@1ab8d512
[Test worker] WARN net.thucydides.core.steps.BaseStepListener - stepFinished: current outcome:Register in the website:Given than Miguel wants to register in Utest.com
| strFirstname | strLastname | strEmail | strMonth | strDay | strYear | strLanguage | strCity | strZipcode | strComputer | strVersion | strOSLanguage | strMobile | strModel | strSystem | strPassword | strConfirmPass |
| Pruebaops | Pruebas | Pruebas8546655@gmail.com | November | 18 | 1998 | Spanish | Cali Valle de Cauca, Colombia | 760004 | Windows | 10 | Spanish | Apple | IPhone | iOS 2.0 | Prueba100* | Prueba100* | [Miguel open up [Miguel opens the Utest page], Miguel register [Miguel clicks on button that shows us the form to register, Miguel enters 'Pruebaops' into where do write the firstname, Miguel enters 'Pruebas' into where do write the lastname, Miguel enters 'Pruebas8546655@gmail.com' into where do write the email, Miguel select November on where do select the month, Miguel select 18 on where do select the day, Miguel select 1998 on where do select the year, Miguel enters 'Spanish' into where do write the language, Miguel clicks on button that shows us the location form to register, Miguel enters 'Cali Valle de Cauca, Colombia' into where do write the city, Miguel clicks on where do select the city, Miguel enters '760004' into where do write the zipcode, Miguel clicks on button that shows us the devices form to register, Miguel clicks on where do select the computer SO, Miguel enters 'Windows' then hits [ENTER] into where do select the computer SO, Miguel clicks on where do select the version, Miguel enters '10' then hits [ENTER] into where do select the version, Miguel clicks on where do select the language, Miguel enters 'Spanish' then hits [ENTER] into where do select the language, Miguel clicks on where do select the mobile device, Miguel enters 'Apple' then hits [ENTER] into where do select the mobile device, Miguel clicks on where do select the model device]]
[Test worker] WARN net.thucydides.core.steps.BaseStepListener - stepStarted: net.thucydides.core.steps.ExecutedStepDescription@15be4d61
[Test worker] WARN net.thucydides.core.steps.BaseStepListener - stepFinished: current outcome:Register in the website:Given than Miguel wants to register in Utest.com
| strFirstname | strLastname | strEmail | strMonth | strDay | strYear | strLanguage | strCity | strZipcode | strComputer | strVersion | strOSLanguage | strMobile | strModel | strSystem | strPassword | strConfirmPass |
| Pruebaops | Pruebas | Pruebas8546655@gmail.com | November | 18 | 1998 | Spanish | Cali Valle de Cauca, Colombia | 760004 | Windows | 10 | Spanish | Apple | IPhone | iOS 2.0 | Prueba100* | Prueba100* | [Miguel open up [Miguel opens the Utest page], Miguel register [Miguel clicks on button that shows us the form to register, Miguel enters 'Pruebaops' into where do write the firstname, Miguel enters 'Pruebas' into where do write the lastname, Miguel enters 'Pruebas8546655@gmail.com' into where do write the email, Miguel select November on where do select the month, Miguel select 18 on where do select the day, Miguel select 1998 on where do select the year, Miguel enters 'Spanish' into where do write the language, Miguel clicks on button that shows us the location form to register, Miguel enters 'Cali Valle de Cauca, Colombia' into where do write the city, Miguel clicks on where do select the city, Miguel enters '760004' into where do write the zipcode, Miguel clicks on button that shows us the devices form to register, Miguel clicks on where do select the computer SO, Miguel enters 'Windows' then hits [ENTER] into where do select the computer SO, Miguel clicks on where do select the version, Miguel enters '10' then hits [ENTER] into where do select the version, Miguel clicks on where do select the language, Miguel enters 'Spanish' then hits [ENTER] into where do select the language, Miguel clicks on where do select the mobile device, Miguel enters 'Apple' then hits [ENTER] into where do select the mobile device, Miguel clicks on where do select the model device, Miguel enters 'IPhone' then hits [ENTER] into where do select the model device]]
[Test worker] WARN net.thucydides.core.steps.BaseStepListener - stepStarted: net.thucydides.core.steps.ExecutedStepDescription@6ff53551
[Test worker] WARN net.thucydides.core.steps.BaseStepListener - stepFinished: current outcome:Register in the website:Given than Miguel wants to register in Utest.com
| strFirstname | strLastname | strEmail | strMonth | strDay | strYear | strLanguage | strCity | strZipcode | strComputer | strVersion | strOSLanguage | strMobile | strModel | strSystem | strPassword | strConfirmPass |
| Pruebaops | Pruebas | Pruebas8546655@gmail.com | November | 18 | 1998 | Spanish | Cali Valle de Cauca, Colombia | 760004 | Windows | 10 | Spanish | Apple | IPhone | iOS 2.0 | Prueba100* | Prueba100* | [Miguel open up [Miguel opens the Utest page], Miguel register [Miguel clicks on button that shows us the form to register, Miguel enters 'Pruebaops' into where do write the firstname, Miguel enters 'Pruebas' into where do write the lastname, Miguel enters 'Pruebas8546655@gmail.com' into where do write the email, Miguel select November on where do select the month, Miguel select 18 on where do select the day, Miguel select 1998 on where do select the year, Miguel enters 'Spanish' into where do write the language, Miguel clicks on button that shows us the location form to register, Miguel enters 'Cali Valle de Cauca, Colombia' into where do write the city, Miguel clicks on where do select the city, Miguel enters '760004' into where do write the zipcode, Miguel clicks on button that shows us the devices form to register, Miguel clicks on where do select the computer SO, Miguel enters 'Windows' then hits [ENTER] into where do select the computer SO, Miguel clicks on where do select the version, Miguel enters '10' then hits [ENTER] into where do select the version, Miguel clicks on where do select the language, Miguel enters 'Spanish' then hits [ENTER] into where do select the language, Miguel clicks on where do select the mobile device, Miguel enters 'Apple' then hits [ENTER] into where do select the mobile device, Miguel clicks on where do select the model device, Miguel enters 'IPhone' then hits [ENTER] into where do select the model device, Miguel clicks on where do select the system device]]
[Test worker] WARN net.thucydides.core.steps.BaseStepListener - stepStarted: net.thucydides.core.steps.ExecutedStepDescription@5db6c82b
[Test worker] WARN net.thucydides.core.steps.BaseStepListener - stepFinished: current outcome:Register in the website:Given than Miguel wants to register in Utest.com
| strFirstname | strLastname | strEmail | strMonth | strDay | strYear | strLanguage | strCity | strZipcode | strComputer | strVersion | strOSLanguage | strMobile | strModel | strSystem | strPassword | strConfirmPass |
| Pruebaops | Pruebas | Pruebas8546655@gmail.com | November | 18 | 1998 | Spanish | Cali Valle de Cauca, Colombia | 760004 | Windows | 10 | Spanish | Apple | IPhone | iOS 2.0 | Prueba100* | Prueba100* | [Miguel open up [Miguel opens the Utest page], Miguel register [Miguel clicks on button that shows us the form to register, Miguel enters 'Pruebaops' into where do write the firstname, Miguel enters 'Pruebas' into where do write the lastname, Miguel enters 'Pruebas8546655@gmail.com' into where do write the email, Miguel select November on where do select the month, Miguel select 18 on where do select the day, Miguel select 1998 on where do select the year, Miguel enters 'Spanish' into where do write the language, Miguel clicks on button that shows us the location form to register, Miguel enters 'Cali Valle de Cauca, Colombia' into where do write the city, Miguel clicks on where do select the city, Miguel enters '760004' into where do write the zipcode, Miguel clicks on button that shows us the devices form to register, Miguel clicks on where do select the computer SO, Miguel enters 'Windows' then hits [ENTER] into where do select the computer SO, Miguel clicks on where do select the version, Miguel enters '10' then hits [ENTER] into where do select the version, Miguel clicks on where do select the language, Miguel enters 'Spanish' then hits [ENTER] into where do select the language, Miguel clicks on where do select the mobile device, Miguel enters 'Apple' then hits [ENTER] into where do select the mobile device, Miguel clicks on where do select the model device, Miguel enters 'IPhone' then hits [ENTER] into where do select the model device, Miguel clicks on where do select the system device, Miguel enters 'iOS 2.0' then hits [ENTER] into where do select the system device]]
[Test worker] WARN net.thucydides.core.steps.BaseStepListener - stepStarted: net.thucydides.core.steps.ExecutedStepDescription@4869efb4
[Test worker] WARN net.thucydides.core.steps.BaseStepListener - stepFinished: current outcome:Register in the website:Given than Miguel wants to register in Utest.com
| strFirstname | strLastname | strEmail | strMonth | strDay | strYear | strLanguage | strCity | strZipcode | strComputer | strVersion | strOSLanguage | strMobile | strModel | strSystem | strPassword | strConfirmPass |
| Pruebaops | Pruebas | Pruebas8546655@gmail.com | November | 18 | 1998 | Spanish | Cali Valle de Cauca, Colombia | 760004 | Windows | 10 | Spanish | Apple | IPhone | iOS 2.0 | Prueba100* | Prueba100* | [Miguel open up [Miguel opens the Utest page], Miguel register [Miguel clicks on button that shows us the form to register, Miguel enters 'Pruebaops' into where do write the firstname, Miguel enters 'Pruebas' into where do write the lastname, Miguel enters 'Pruebas8546655@gmail.com' into where do write the email, Miguel select November on where do select the month, Miguel select 18 on where do select the day, Miguel select 1998 on where do select the year, Miguel enters 'Spanish' into where do write the language, Miguel clicks on button that shows us the location form to register, Miguel enters 'Cali Valle de Cauca, Colombia' into where do write the city, Miguel clicks on where do select the city, Miguel enters '760004' into where do write the zipcode, Miguel clicks on button that shows us the devices form to register, Miguel clicks on where do select the computer SO, Miguel enters 'Windows' then hits [ENTER] into where do select the computer SO, Miguel clicks on where do select the version, Miguel enters '10' then hits [ENTER] into where do select the version, Miguel clicks on where do select the language, Miguel enters 'Spanish' then hits [ENTER] into where do select the language, Miguel clicks on where do select the mobile device, Miguel enters 'Apple' then hits [ENTER] into where do select the mobile device, Miguel clicks on where do select the model device, Miguel enters 'IPhone' then hits [ENTER] into where do select the model device, Miguel clicks on where do select the system device, Miguel enters 'iOS 2.0' then hits [ENTER] into where do select the system device, Miguel clicks on button that shows us the form to register]]
[Test worker] WARN net.thucydides.core.steps.BaseStepListener - stepStarted: net.thucydides.core.steps.ExecutedStepDescription@6b29b8cf
[Test worker] WARN net.thucydides.core.steps.BaseStepListener - stepFinished: current outcome:Register in the website:Given than Miguel wants to register in Utest.com
| strFirstname | strLastname | strEmail | strMonth | strDay | strYear | strLanguage | strCity | strZipcode | strComputer | strVersion | strOSLanguage | strMobile | strModel | strSystem | strPassword | strConfirmPass |
| Pruebaops | Pruebas | Pruebas8546655@gmail.com | November | 18 | 1998 | Spanish | Cali Valle de Cauca, Colombia | 760004 | Windows | 10 | Spanish | Apple | IPhone | iOS 2.0 | Prueba100* | Prueba100* | [Miguel open up [Miguel opens the Utest page], Miguel register [Miguel clicks on button that shows us the form to register, Miguel enters 'Pruebaops' into where do write the firstname, Miguel enters 'Pruebas' into where do write the lastname, Miguel enters 'Pruebas8546655@gmail.com' into where do write the email, Miguel select November on where do select the month, Miguel select 18 on where do select the day, Miguel select 1998 on where do select the year, Miguel enters 'Spanish' into where do write the language, Miguel clicks on button that shows us the location form to register, Miguel enters 'Cali Valle de Cauca, Colombia' into where do write the city, Miguel clicks on where do select the city, Miguel enters '760004' into where do write the zipcode, Miguel clicks on button that shows us the devices form to register, Miguel clicks on where do select the computer SO, Miguel enters 'Windows' then hits [ENTER] into where do select the computer SO, Miguel clicks on where do select the version, Miguel enters '10' then hits [ENTER] into where do select the version, Miguel clicks on where do select the language, Miguel enters 'Spanish' then hits [ENTER] into where do select the language, Miguel clicks on where do select the mobile device, Miguel enters 'Apple' then hits [ENTER] into where do select the mobile device, Miguel clicks on where do select the model device, Miguel enters 'IPhone' then hits [ENTER] into where do select the model device, Miguel clicks on where do select the system device, Miguel enters 'iOS 2.0' then hits [ENTER] into where do select the system device, Miguel clicks on button that shows us the form to register, Miguel enters 'Prueba100*' into where do write the password]]
[Test worker] WARN net.thucydides.core.steps.BaseStepListener - stepStarted: net.thucydides.core.steps.ExecutedStepDescription@5c31f522
[Test worker] WARN net.thucydides.core.steps.BaseStepListener - stepFinished: current outcome:Register in the website:Given than Miguel wants to register in Utest.com
| strFirstname | strLastname | strEmail | strMonth | strDay | strYear | strLanguage | strCity | strZipcode | strComputer | strVersion | strOSLanguage | strMobile | strModel | strSystem | strPassword | strConfirmPass |
| Pruebaops | Pruebas | Pruebas8546655@gmail.com | November | 18 | 1998 | Spanish | Cali Valle de Cauca, Colombia | 760004 | Windows | 10 | Spanish | Apple | IPhone | iOS 2.0 | Prueba100* | Prueba100* | [Miguel open up [Miguel opens the Utest page], Miguel register [Miguel clicks on button that shows us the form to register, Miguel enters 'Pruebaops' into where do write the firstname, Miguel enters 'Pruebas' into where do write the lastname, Miguel enters 'Pruebas8546655@gmail.com' into where do write the email, Miguel select November on where do select the month, Miguel select 18 on where do select the day, Miguel select 1998 on where do select the year, Miguel enters 'Spanish' into where do write the language, Miguel clicks on button that shows us the location form to register, Miguel enters 'Cali Valle de Cauca, Colombia' into where do write the city, Miguel clicks on where do select the city, Miguel enters '760004' into where do write the zipcode, Miguel clicks on button that shows us the devices form to register, Miguel clicks on where do select the computer SO, Miguel enters 'Windows' then hits [ENTER] into where do select the computer SO, Miguel clicks on where do select the version, Miguel enters '10' then hits [ENTER] into where do select the version, Miguel clicks on where do select the language, Miguel enters 'Spanish' then hits [ENTER] into where do select the language, Miguel clicks on where do select the mobile device, Miguel enters 'Apple' then hits [ENTER] into where do select the mobile device, Miguel clicks on where do select the model device, Miguel enters 'IPhone' then hits [ENTER] into where do select the model device, Miguel clicks on where do select the system device, Miguel enters 'iOS 2.0' then hits [ENTER] into where do select the system device, Miguel clicks on button that shows us the form to register, Miguel enters 'Prueba100*' into where do write the password, Miguel enters 'Prueba100*' into where do write the comfirm password]]
[Test worker] WARN net.thucydides.core.steps.BaseStepListener - stepStarted: net.thucydides.core.steps.ExecutedStepDescription@6551385b
[Test worker] WARN net.thucydides.core.steps.BaseStepListener - stepFinished: current outcome:Register in the website:Given than Miguel wants to register in Utest.com
| strFirstname | strLastname | strEmail | strMonth | strDay | strYear | strLanguage | strCity | strZipcode | strComputer | strVersion | strOSLanguage | strMobile | strModel | strSystem | strPassword | strConfirmPass |
| Pruebaops | Pruebas | Pruebas8546655@gmail.com | November | 18 | 1998 | Spanish | Cali Valle de Cauca, Colombia | 760004 | Windows | 10 | Spanish | Apple | IPhone | iOS 2.0 | Prueba100* | Prueba100* | [Miguel open up [Miguel opens the Utest page], Miguel register [Miguel clicks on button that shows us the form to register, Miguel enters 'Pruebaops' into where do write the firstname, Miguel enters 'Pruebas' into where do write the lastname, Miguel enters 'Pruebas8546655@gmail.com' into where do write the email, Miguel select November on where do select the month, Miguel select 18 on where do select the day, Miguel select 1998 on where do select the year, Miguel enters 'Spanish' into where do write the language, Miguel clicks on button that shows us the location form to register, Miguel enters 'Cali Valle de Cauca, Colombia' into where do write the city, Miguel clicks on where do select the city, Miguel enters '760004' into where do write the zipcode, Miguel clicks on button that shows us the devices form to register, Miguel clicks on where do select the computer SO, Miguel enters 'Windows' then hits [ENTER] into where do select the computer SO, Miguel clicks on where do select the version, Miguel enters '10' then hits [ENTER] into where do select the version, Miguel clicks on where do select the language, Miguel enters 'Spanish' then hits [ENTER] into where do select the language, Miguel clicks on where do select the mobile device, Miguel enters 'Apple' then hits [ENTER] into where do select the mobile device, Miguel clicks on where do select the model device, Miguel enters 'IPhone' then hits [ENTER] into where do select the model device, Miguel clicks on where do select the system device, Miguel enters 'iOS 2.0' then hits [ENTER] into where do select the system device, Miguel clicks on button that shows us the form to register, Miguel enters 'Prueba100*' into where do write the password, Miguel enters 'Prueba100*' into where do write the comfirm password, Miguel clicks on check the acceptation for the terms of use]]
[Test worker] WARN net.thucydides.core.steps.BaseStepListener - stepStarted: net.thucydides.core.steps.ExecutedStepDescription@41456d87
[Test worker] WARN net.thucydides.core.steps.BaseStepListener - stepFinished: current outcome:Register in the website:Given than Miguel wants to register in Utest.com
| strFirstname | strLastname | strEmail | strMonth | strDay | strYear | strLanguage | strCity | strZipcode | strComputer | strVersion | strOSLanguage | strMobile | strModel | strSystem | strPassword | strConfirmPass |
| Pruebaops | Pruebas | Pruebas8546655@gmail.com | November | 18 | 1998 | Spanish | Cali Valle de Cauca, Colombia | 760004 | Windows | 10 | Spanish | Apple | IPhone | iOS 2.0 | Prueba100* | Prueba100* | [Miguel open up [Miguel opens the Utest page], Miguel register [Miguel clicks on button that shows us the form to register, Miguel enters 'Pruebaops' into where do write the firstname, Miguel enters 'Pruebas' into where do write the lastname, Miguel enters 'Pruebas8546655@gmail.com' into where do write the email, Miguel select November on where do select the month, Miguel select 18 on where do select the day, Miguel select 1998 on where do select the year, Miguel enters 'Spanish' into where do write the language, Miguel clicks on button that shows us the location form to register, Miguel enters 'Cali Valle de Cauca, Colombia' into where do write the city, Miguel clicks on where do select the city, Miguel enters '760004' into where do write the zipcode, Miguel clicks on button that shows us the devices form to register, Miguel clicks on where do select the computer SO, Miguel enters 'Windows' then hits [ENTER] into where do select the computer SO, Miguel clicks on where do select the version, Miguel enters '10' then hits [ENTER] into where do select the version, Miguel clicks on where do select the language, Miguel enters 'Spanish' then hits [ENTER] into where do select the language, Miguel clicks on where do select the mobile device, Miguel enters 'Apple' then hits [ENTER] into where do select the mobile device, Miguel clicks on where do select the model device, Miguel enters 'IPhone' then hits [ENTER] into where do select the model device, Miguel clicks on where do select the system device, Miguel enters 'iOS 2.0' then hits [ENTER] into where do select the system device, Miguel clicks on button that shows us the form to register, Miguel enters 'Prueba100*' into where do write the password, Miguel enters 'Prueba100*' into where do write the comfirm password, Miguel clicks on check the acceptation for the terms of use, Miguel clicks on check the acceptation for the privacity & security policy]]
[Test worker] WARN net.thucydides.core.steps.BaseStepListener - stepStarted: net.thucydides.core.steps.ExecutedStepDescription@6a813fa0
[Test worker] WARN net.thucydides.core.steps.BaseStepListener - stepFinished: current outcome:Register in the website:Given than Miguel wants to register in Utest.com
| strFirstname | strLastname | strEmail | strMonth | strDay | strYear | strLanguage | strCity | strZipcode | strComputer | strVersion | strOSLanguage | strMobile | strModel | strSystem | strPassword | strConfirmPass |
| Pruebaops | Pruebas | Pruebas8546655@gmail.com | November | 18 | 1998 | Spanish | Cali Valle de Cauca, Colombia | 760004 | Windows | 10 | Spanish | Apple | IPhone | iOS 2.0 | Prueba100* | Prueba100* | [Miguel open up [Miguel opens the Utest page], Miguel register [Miguel clicks on button that shows us the form to register, Miguel enters 'Pruebaops' into where do write the firstname, Miguel enters 'Pruebas' into where do write the lastname, Miguel enters 'Pruebas8546655@gmail.com' into where do write the email, Miguel select November on where do select the month, Miguel select 18 on where do select the day, Miguel select 1998 on where do select the year, Miguel enters 'Spanish' into where do write the language, Miguel clicks on button that shows us the location form to register, Miguel enters 'Cali Valle de Cauca, Colombia' into where do write the city, Miguel clicks on where do select the city, Miguel enters '760004' into where do write the zipcode, Miguel clicks on button that shows us the devices form to register, Miguel clicks on where do select the computer SO, Miguel enters 'Windows' then hits [ENTER] into where do select the computer SO, Miguel clicks on where do select the version, Miguel enters '10' then hits [ENTER] into where do select the version, Miguel clicks on where do select the language, Miguel enters 'Spanish' then hits [ENTER] into where do select the language, Miguel clicks on where do select the mobile device, Miguel enters 'Apple' then hits [ENTER] into where do select the mobile device, Miguel clicks on where do select the model device, Miguel enters 'IPhone' then hits [ENTER] into where do select the model device, Miguel clicks on where do select the system device, Miguel enters 'iOS 2.0' then hits [ENTER] into where do select the system device, Miguel clicks on button that shows us the form to register, Miguel enters 'Prueba100*' into where do write the password, Miguel enters 'Prueba100*' into where do write the comfirm password, Miguel clicks on check the acceptation for the terms of use, Miguel clicks on check the acceptation for the privacity & security policy, Miguel clicks on button that complete the register]]
[Test worker] WARN net.thucydides.core.steps.BaseStepListener - stepFinished: current outcome:Register in the website:Given than Miguel wants to register in Utest.com
| strFirstname | strLastname | strEmail | strMonth | strDay | strYear | strLanguage | strCity | strZipcode | strComputer | strVersion | strOSLanguage | strMobile | strModel | strSystem | strPassword | strConfirmPass |
| Pruebaops | Pruebas | Pruebas8546655@gmail.com | November | 18 | 1998 | Spanish | Cali Valle de Cauca, Colombia | 760004 | Windows | 10 | Spanish | Apple | IPhone | iOS 2.0 | Prueba100* | Prueba100* | [Miguel open up [Miguel opens the Utest page], Miguel register [Miguel clicks on button that shows us the form to register, Miguel enters 'Pruebaops' into where do write the firstname, Miguel enters 'Pruebas' into where do write the lastname, Miguel enters 'Pruebas8546655@gmail.com' into where do write the email, Miguel select November on where do select the month, Miguel select 18 on where do select the day, Miguel select 1998 on where do select the year, Miguel enters 'Spanish' into where do write the language, Miguel clicks on button that shows us the location form to register, Miguel enters 'Cali Valle de Cauca, Colombia' into where do write the city, Miguel clicks on where do select the city, Miguel enters '760004' into where do write the zipcode, Miguel clicks on button that shows us the devices form to register, Miguel clicks on where do select the computer SO, Miguel enters 'Windows' then hits [ENTER] into where do select the computer SO, Miguel clicks on where do select the version, Miguel enters '10' then hits [ENTER] into where do select the version, Miguel clicks on where do select the language, Miguel enters 'Spanish' then hits [ENTER] into where do select the language, Miguel clicks on where do select the mobile device, Miguel enters 'Apple' then hits [ENTER] into where do select the mobile device, Miguel clicks on where do select the model device, Miguel enters 'IPhone' then hits [ENTER] into where do select the model device, Miguel clicks on where do select the system device, Miguel enters 'iOS 2.0' then hits [ENTER] into where do select the system device, Miguel clicks on button that shows us the form to register, Miguel enters 'Prueba100*' into where do write the password, Miguel enters 'Prueba100*' into where do write the comfirm password, Miguel clicks on check the acceptation for the terms of use, Miguel clicks on check the acceptation for the privacity & security policy, Miguel clicks on button that complete the register]]
[Test worker] WARN net.thucydides.core.steps.BaseStepListener - stepFinished: current outcome:Register in the website:Given than Miguel wants to register in Utest.com
| strFirstname | strLastname | strEmail | strMonth | strDay | strYear | strLanguage | strCity | strZipcode | strComputer | strVersion | strOSLanguage | strMobile | strModel | strSystem | strPassword | strConfirmPass |
| Pruebaops | Pruebas | Pruebas8546655@gmail.com | November | 18 | 1998 | Spanish | Cali Valle de Cauca, Colombia | 760004 | Windows | 10 | Spanish | Apple | IPhone | iOS 2.0 | Prueba100* | Prueba100* | [Miguel open up [Miguel opens the Utest page], Miguel register [Miguel clicks on button that shows us the form to register, Miguel enters 'Pruebaops' into where do write the firstname, Miguel enters 'Pruebas' into where do write the lastname, Miguel enters 'Pruebas8546655@gmail.com' into where do write the email, Miguel select November on where do select the month, Miguel select 18 on where do select the day, Miguel select 1998 on where do select the year, Miguel enters 'Spanish' into where do write the language, Miguel clicks on button that shows us the location form to register, Miguel enters 'Cali Valle de Cauca, Colombia' into where do write the city, Miguel clicks on where do select the city, Miguel enters '760004' into where do write the zipcode, Miguel clicks on button that shows us the devices form to register, Miguel clicks on where do select the computer SO, Miguel enters 'Windows' then hits [ENTER] into where do select the computer SO, Miguel clicks on where do select the version, Miguel enters '10' then hits [ENTER] into where do select the version, Miguel clicks on where do select the language, Miguel enters 'Spanish' then hits [ENTER] into where do select the language, Miguel clicks on where do select the mobile device, Miguel enters 'Apple' then hits [ENTER] into where do select the mobile device, Miguel clicks on where do select the model device, Miguel enters 'IPhone' then hits [ENTER] into where do select the model device, Miguel clicks on where do select the system device, Miguel enters 'iOS 2.0' then hits [ENTER] into where do select the system device, Miguel clicks on button that shows us the form to register, Miguel enters 'Prueba100*' into where do write the password, Miguel enters 'Prueba100*' into where do write the comfirm password, Miguel clicks on check the acceptation for the terms of use, Miguel clicks on check the acceptation for the privacity & security policy, Miguel clicks on button that complete the register]]
[Test worker] WARN net.thucydides.core.steps.BaseStepListener - stepStarted: net.thucydides.core.steps.ExecutedStepDescription@70b82a8
[Test worker] WARN net.thucydides.core.steps.BaseStepListener - stepFinished: current outcome:Register in the website:Given than Miguel wants to register in Utest.com
| strFirstname | strLastname | strEmail | strMonth | strDay | strYear | strLanguage | strCity | strZipcode | strComputer | strVersion | strOSLanguage | strMobile | strModel | strSystem | strPassword | strConfirmPass |
| Pruebaops | Pruebas | Pruebas8546655@gmail.com | November | 18 | 1998 | Spanish | Cali Valle de Cauca, Colombia | 760004 | Windows | 10 | Spanish | Apple | IPhone | iOS 2.0 | Prueba100* | Prueba100* | [Miguel open up [Miguel opens the Utest page], Miguel register [Miguel clicks on button that shows us the form to register, Miguel enters 'Pruebaops' into where do write the firstname, Miguel enters 'Pruebas' into where do write the lastname, Miguel enters 'Pruebas8546655@gmail.com' into where do write the email, Miguel select November on where do select the month, Miguel select 18 on where do select the day, Miguel select 1998 on where do select the year, Miguel enters 'Spanish' into where do write the language, Miguel clicks on button that shows us the location form to register, Miguel enters 'Cali Valle de Cauca, Colombia' into where do write the city, Miguel clicks on where do select the city, Miguel enters '760004' into where do write the zipcode, Miguel clicks on button that shows us the devices form to register, Miguel clicks on where do select the computer SO, Miguel enters 'Windows' then hits [ENTER] into where do select the computer SO, Miguel clicks on where do select the version, Miguel enters '10' then hits [ENTER] into where do select the version, Miguel clicks on where do select the language, Miguel enters 'Spanish' then hits [ENTER] into where do select the language, Miguel clicks on where do select the mobile device, Miguel enters 'Apple' then hits [ENTER] into where do select the mobile device, Miguel clicks on where do select the model device, Miguel enters 'IPhone' then hits [ENTER] into where do select the model device, Miguel clicks on where do select the system device, Miguel enters 'iOS 2.0' then hits [ENTER] into where do select the system device, Miguel clicks on button that shows us the form to register, Miguel enters 'Prueba100*' into where do write the password, Miguel enters 'Prueba100*' into where do write the comfirm password, Miguel clicks on check the acceptation for the terms of use, Miguel clicks on check the acceptation for the privacity & security policy, Miguel clicks on button that complete the register]], When he search the Register option in Utest.com platform
[Test worker] WARN net.thucydides.core.steps.BaseStepListener - stepStarted: net.thucydides.core.steps.ExecutedStepDescription@2a1ab0a6
[Test worker] WARN net.thucydides.core.steps.BaseStepListener - stepFinished: current outcome:Register in the website:Given than Miguel wants to register in Utest.com
| strFirstname | strLastname | strEmail | strMonth | strDay | strYear | strLanguage | strCity | strZipcode | strComputer | strVersion | strOSLanguage | strMobile | strModel | strSystem | strPassword | strConfirmPass |
| Pruebaops | Pruebas | Pruebas8546655@gmail.com | November | 18 | 1998 | Spanish | Cali Valle de Cauca, Colombia | 760004 | Windows | 10 | Spanish | Apple | IPhone | iOS 2.0 | Prueba100* | Prueba100* | [Miguel open up [Miguel opens the Utest page], Miguel register [Miguel clicks on button that shows us the form to register, Miguel enters 'Pruebaops' into where do write the firstname, Miguel enters 'Pruebas' into where do write the lastname, Miguel enters 'Pruebas8546655@gmail.com' into where do write the email, Miguel select November on where do select the month, Miguel select 18 on where do select the day, Miguel select 1998 on where do select the year, Miguel enters 'Spanish' into where do write the language, Miguel clicks on button that shows us the location form to register, Miguel enters 'Cali Valle de Cauca, Colombia' into where do write the city, Miguel clicks on where do select the city, Miguel enters '760004' into where do write the zipcode, Miguel clicks on button that shows us the devices form to register, Miguel clicks on where do select the computer SO, Miguel enters 'Windows' then hits [ENTER] into where do select the computer SO, Miguel clicks on where do select the version, Miguel enters '10' then hits [ENTER] into where do select the version, Miguel clicks on where do select the language, Miguel enters 'Spanish' then hits [ENTER] into where do select the language, Miguel clicks on where do select the mobile device, Miguel enters 'Apple' then hits [ENTER] into where do select the mobile device, Miguel clicks on where do select the model device, Miguel enters 'IPhone' then hits [ENTER] into where do select the model device, Miguel clicks on where do select the system device, Miguel enters 'iOS 2.0' then hits [ENTER] into where do select the system device, Miguel clicks on button that shows us the form to register, Miguel enters 'Prueba100*' into where do write the password, Miguel enters 'Prueba100*' into where do write the comfirm password, Miguel clicks on check the acceptation for the terms of use, Miguel clicks on check the acceptation for the privacity & security policy, Miguel clicks on button that complete the register]], When he search the Register option in Utest.com platform, Then he finds the register option with the necesary fields to access.
[Test worker] WARN net.thucydides.core.steps.BaseStepListener - testFinished: Register in the website:Given than Miguel wants to register in Utest.com
| strFirstname | strLastname | strEmail | strMonth | strDay | strYear | strLanguage | strCity | strZipcode | strComputer | strVersion | strOSLanguage | strMobile | strModel | strSystem | strPassword | strConfirmPass |
| Pruebaops | Pruebas | Pruebas8546655@gmail.com | November | 18 | 1998 | Spanish | Cali Valle de Cauca, Colombia | 760004 | Windows | 10 | Spanish | Apple | IPhone | iOS 2.0 | Prueba100* | Prueba100* | [Miguel open up [Miguel opens the Utest page], Miguel register [Miguel clicks on button that shows us the form to register, Miguel enters 'Pruebaops' into where do write the firstname, Miguel enters 'Pruebas' into where do write the lastname, Miguel enters 'Pruebas8546655@gmail.com' into where do write the email, Miguel select November on where do select the month, Miguel select 18 on where do select the day, Miguel select 1998 on where do select the year, Miguel enters 'Spanish' into where do write the language, Miguel clicks on button that shows us the location form to register, Miguel enters 'Cali Valle de Cauca, Colombia' into where do write the city, Miguel clicks on where do select the city, Miguel enters '760004' into where do write the zipcode, Miguel clicks on button that shows us the devices form to register, Miguel clicks on where do select the computer SO, Miguel enters 'Windows' then hits [ENTER] into where do select the computer SO, Miguel clicks on where do select the version, Miguel enters '10' then hits [ENTER] into where do select the version, Miguel clicks on where do select the language, Miguel enters 'Spanish' then hits [ENTER] into where do select the language, Miguel clicks on where do select the mobile device, Miguel enters 'Apple' then hits [ENTER] into where do select the mobile device, Miguel clicks on where do select the model device, Miguel enters 'IPhone' then hits [ENTER] into where do select the model device, Miguel clicks on where do select the system device, Miguel enters 'iOS 2.0' then hits [ENTER] into where do select the system device, Miguel clicks on button that shows us the form to register, Miguel enters 'Prueba100*' into where do write the password, Miguel enters 'Prueba100*' into where do write the comfirm password, Miguel clicks on check the acceptation for the terms of use, Miguel clicks on check the acceptation for the privacity & security policy, Miguel clicks on button that complete the register]], When he search the Register option in Utest.com platform, Then he finds the register option with the necesary fields to access.
[Test worker] WARN net.thucydides.core.steps.BaseStepListener - TestOutcomes: [Register in the website:Given than Miguel wants to register in Utest.com
| strFirstname | strLastname | strEmail | strMonth | strDay | strYear | strLanguage | strCity | strZipcode | strComputer | strVersion | strOSLanguage | strMobile | strModel | strSystem | strPassword | strConfirmPass |
| Pruebaops | Pruebas | Pruebas8546655@gmail.com | November | 18 | 1998 | Spanish | Cali Valle de Cauca, Colombia | 760004 | Windows | 10 | Spanish | Apple | IPhone | iOS 2.0 | Prueba100* | Prueba100* | [Miguel open up [Miguel opens the Utest page], Miguel register [Miguel clicks on button that shows us the form to register, Miguel enters 'Pruebaops' into where do write the firstname, Miguel enters 'Pruebas' into where do write the lastname, Miguel enters 'Pruebas8546655@gmail.com' into where do write the email, Miguel select November on where do select the month, Miguel select 18 on where do select the day, Miguel select 1998 on where do select the year, Miguel enters 'Spanish' into where do write the language, Miguel clicks on button that shows us the location form to register, Miguel enters 'Cali Valle de Cauca, Colombia' into where do write the city, Miguel clicks on where do select the city, Miguel enters '760004' into where do write the zipcode, Miguel clicks on button that shows us the devices form to register, Miguel clicks on where do select the computer SO, Miguel enters 'Windows' then hits [ENTER] into where do select the computer SO, Miguel clicks on where do select the version, Miguel enters '10' then hits [ENTER] into where do select the version, Miguel clicks on where do select the language, Miguel enters 'Spanish' then hits [ENTER] into where do select the language, Miguel clicks on where do select the mobile device, Miguel enters 'Apple' then hits [ENTER] into where do select the mobile device, Miguel clicks on where do select the model device, Miguel enters 'IPhone' then hits [ENTER] into where do select the model device, Miguel clicks on where do select the system device, Miguel enters 'iOS 2.0' then hits [ENTER] into where do select the system device, Miguel clicks on button that shows us the form to register, Miguel enters 'Prueba100*' into where do write the password, Miguel enters 'Prueba100*' into where do write the comfirm password, Miguel clicks on check the acceptation for the terms of use, Miguel clicks on check the acceptation for the privacity & security policy, Miguel clicks on button that complete the register]], When he search the Register option in Utest.com platform, Then he finds the register option with the necesary fields to access.]
[Test worker] WARN net.thucydides.core.steps.BaseStepListener - Final testOutcomes: [Register in the website:Given than Miguel wants to register in Utest.com
| strFirstname | strLastname | strEmail | strMonth | strDay | strYear | strLanguage | strCity | strZipcode | strComputer | strVersion | strOSLanguage | strMobile | strModel | strSystem | strPassword | strConfirmPass |
| Pruebaops | Pruebas | Pruebas8546655@gmail.com | November | 18 | 1998 | Spanish | Cali Valle de Cauca, Colombia | 760004 | Windows | 10 | Spanish | Apple | IPhone | iOS 2.0 | Prueba100* | Prueba100* | [Miguel open up [Miguel opens the Utest page], Miguel register [Miguel clicks on button that shows us the form to register, Miguel enters 'Pruebaops' into where do write the firstname, Miguel enters 'Pruebas' into where do write the lastname, Miguel enters 'Pruebas8546655@gmail.com' into where do write the email, Miguel select November on where do select the month, Miguel select 18 on where do select the day, Miguel select 1998 on where do select the year, Miguel enters 'Spanish' into where do write the language, Miguel clicks on button that shows us the location form to register, Miguel enters 'Cali Valle de Cauca, Colombia' into where do write the city, Miguel clicks on where do select the city, Miguel enters '760004' into where do write the zipcode, Miguel clicks on button that shows us the devices form to register, Miguel clicks on where do select the computer SO, Miguel enters 'Windows' then hits [ENTER] into where do select the computer SO, Miguel clicks on where do select the version, Miguel enters '10' then hits [ENTER] into where do select the version, Miguel clicks on where do select the language, Miguel enters 'Spanish' then hits [ENTER] into where do select the language, Miguel clicks on where do select the mobile device, Miguel enters 'Apple' then hits [ENTER] into where do select the mobile device, Miguel clicks on where do select the model device, Miguel enters 'IPhone' then hits [ENTER] into where do select the model device, Miguel clicks on where do select the system device, Miguel enters 'iOS 2.0' then hits [ENTER] into where do select the system device, Miguel clicks on button that shows us the form to register, Miguel enters 'Prueba100*' into where do write the password, Miguel enters 'Prueba100*' into where do write the comfirm password, Miguel clicks on check the acceptation for the terms of use, Miguel clicks on check the acceptation for the privacity & security policy, Miguel clicks on button that complete the register]], When he search the Register option in Utest.com platform, Then he finds the register option with the necesary fields to access.]
[Test worker] INFO net.thucydides.core.steps.ConsoleLoggingListener - 
        __    _____ _____ ____ _____   ____   _    ____  ____  _____ ____  
  _     \ \  |_   _| ____/ ___|_   _| |  _ \ / \  / ___|/ ___|| ____|  _ \ 
 (_)_____| |   | | |  _| \___ \ | |   | |_) / _ \ \___ \\___ \|  _| | | | |
  _|_____| |   | | | |___ ___) || |   |  __/ ___ \ ___) |___) | |___| |_| |
 (_)     | |   |_| |_____|____/ |_|   |_| /_/   \_\____/|____/|_____|____/ 
        /_/                                                                

TEST PASSED: Register in the website
----------------------------------------------------------------------------
]]></system-err>
</testsuite>
